[2025-12-18T11:44:13.227+0000] {taskinstance.py:1157} INFO - Dependencies all met for dep_context=non-requeueable deps ti=<TaskInstance: parking_etl_bronce_plata_oro.transform_to_silver scheduled__2025-12-17T02:00:00+00:00 [queued]>
[2025-12-18T11:44:13.240+0000] {taskinstance.py:1157} INFO - Dependencies all met for dep_context=requeueable deps ti=<TaskInstance: parking_etl_bronce_plata_oro.transform_to_silver scheduled__2025-12-17T02:00:00+00:00 [queued]>
[2025-12-18T11:44:13.241+0000] {taskinstance.py:1359} INFO - Starting attempt 4 of 5
[2025-12-18T11:44:13.256+0000] {taskinstance.py:1380} INFO - Executing <Task(PythonOperator): transform_to_silver> on 2025-12-17 02:00:00+00:00
[2025-12-18T11:44:13.263+0000] {standard_task_runner.py:57} INFO - Started process 423 to run task
[2025-12-18T11:44:13.267+0000] {standard_task_runner.py:84} INFO - Running: ['airflow', 'tasks', 'run', 'parking_etl_bronce_plata_oro', 'transform_to_silver', 'scheduled__2025-12-17T02:00:00+00:00', '--job-id', '8', '--raw', '--subdir', 'DAGS_FOLDER/parking_etl_dag.py', '--cfg-path', '/tmp/tmp0na3j7f_']
[2025-12-18T11:44:13.271+0000] {standard_task_runner.py:85} INFO - Job 8: Subtask transform_to_silver
[2025-12-18T11:44:13.363+0000] {task_command.py:415} INFO - Running <TaskInstance: parking_etl_bronce_plata_oro.transform_to_silver scheduled__2025-12-17T02:00:00+00:00 [running]> on host e193503772aa
[2025-12-18T11:44:13.489+0000] {taskinstance.py:1660} INFO - Exporting env vars: AIRFLOW_CTX_DAG_OWNER='estudiante_maestria' AIRFLOW_CTX_DAG_ID='parking_etl_bronce_plata_oro' AIRFLOW_CTX_TASK_ID='transform_to_silver' AIRFLOW_CTX_EXECUTION_DATE='2025-12-17T02:00:00+00:00' AIRFLOW_CTX_TRY_NUMBER='4' AIRFLOW_CTX_DAG_RUN_ID='scheduled__2025-12-17T02:00:00+00:00'
[2025-12-18T11:44:13.491+0000] {logging_mixin.py:151} INFO - Iniciando transformaciÃ³n: Bronce -> Plata
[2025-12-18T11:44:18.218+0000] {taskinstance.py:1935} ERROR - Task failed with exception
Traceback (most recent call last):
  File "/home/airflow/.local/lib/python3.11/site-packages/pandas/core/indexes/base.py", line 3790, in get_loc
    return self._engine.get_loc(casted_key)
           ^^^^^^^^^^^^^^^^^^^^^^^^^^^^^^^^
  File "index.pyx", line 152, in pandas._libs.index.IndexEngine.get_loc
  File "index.pyx", line 181, in pandas._libs.index.IndexEngine.get_loc
  File "pandas/_libs/hashtable_class_helper.pxi", line 7080, in pandas._libs.hashtable.PyObjectHashTable.get_item
  File "pandas/_libs/hashtable_class_helper.pxi", line 7088, in pandas._libs.hashtable.PyObjectHashTable.get_item
KeyError: 'id'

The above exception was the direct cause of the following exception:

Traceback (most recent call last):
  File "/home/airflow/.local/lib/python3.11/site-packages/airflow/operators/python.py", line 192, in execute
    return_value = self.execute_callable()
                   ^^^^^^^^^^^^^^^^^^^^^^^
  File "/home/airflow/.local/lib/python3.11/site-packages/airflow/operators/python.py", line 209, in execute_callable
    return self.python_callable(*self.op_args, **self.op_kwargs)
           ^^^^^^^^^^^^^^^^^^^^^^^^^^^^^^^^^^^^^^^^^^^^^^^^^^^^^
  File "/opt/airflow/scripts/transform_silver.py", line 24, in transform_to_silver
    df_expanded['bronce_id'] = df_raw['id']
                               ~~~~~~^^^^^^
  File "/home/airflow/.local/lib/python3.11/site-packages/pandas/core/frame.py", line 3896, in __getitem__
    indexer = self.columns.get_loc(key)
              ^^^^^^^^^^^^^^^^^^^^^^^^^
  File "/home/airflow/.local/lib/python3.11/site-packages/pandas/core/indexes/base.py", line 3797, in get_loc
    raise KeyError(key) from err
KeyError: 'id'
[2025-12-18T11:44:18.259+0000] {taskinstance.py:1398} INFO - Marking task as UP_FOR_RETRY. dag_id=parking_etl_bronce_plata_oro, task_id=transform_to_silver, execution_date=20251217T020000, start_date=20251218T114413, end_date=20251218T114418
[2025-12-18T11:44:18.277+0000] {standard_task_runner.py:104} ERROR - Failed to execute job 8 for task transform_to_silver ('id'; 423)
[2025-12-18T11:44:18.354+0000] {local_task_job_runner.py:228} INFO - Task exited with return code 1
[2025-12-18T11:44:18.392+0000] {taskinstance.py:2776} INFO - 0 downstream tasks scheduled from follow-on schedule check
