[2025-12-18T11:51:15.755+0000] {taskinstance.py:1157} INFO - Dependencies all met for dep_context=non-requeueable deps ti=<TaskInstance: parking_etl_bronce_plata_oro.load_to_gold scheduled__2025-12-17T02:00:00+00:00 [queued]>
[2025-12-18T11:51:15.768+0000] {taskinstance.py:1157} INFO - Dependencies all met for dep_context=requeueable deps ti=<TaskInstance: parking_etl_bronce_plata_oro.load_to_gold scheduled__2025-12-17T02:00:00+00:00 [queued]>
[2025-12-18T11:51:15.769+0000] {taskinstance.py:1359} INFO - Starting attempt 2 of 3
[2025-12-18T11:51:15.786+0000] {taskinstance.py:1380} INFO - Executing <Task(PythonOperator): load_to_gold> on 2025-12-17 02:00:00+00:00
[2025-12-18T11:51:15.793+0000] {standard_task_runner.py:57} INFO - Started process 516 to run task
[2025-12-18T11:51:15.796+0000] {standard_task_runner.py:84} INFO - Running: ['airflow', 'tasks', 'run', 'parking_etl_bronce_plata_oro', 'load_to_gold', 'scheduled__2025-12-17T02:00:00+00:00', '--job-id', '11', '--raw', '--subdir', 'DAGS_FOLDER/parking_etl_dag.py', '--cfg-path', '/tmp/tmplij6wriz']
[2025-12-18T11:51:15.799+0000] {standard_task_runner.py:85} INFO - Job 11: Subtask load_to_gold
[2025-12-18T11:51:15.911+0000] {task_command.py:415} INFO - Running <TaskInstance: parking_etl_bronce_plata_oro.load_to_gold scheduled__2025-12-17T02:00:00+00:00 [running]> on host e193503772aa
[2025-12-18T11:51:16.036+0000] {taskinstance.py:1660} INFO - Exporting env vars: AIRFLOW_CTX_DAG_OWNER='estudiante_maestria' AIRFLOW_CTX_DAG_ID='parking_etl_bronce_plata_oro' AIRFLOW_CTX_TASK_ID='load_to_gold' AIRFLOW_CTX_EXECUTION_DATE='2025-12-17T02:00:00+00:00' AIRFLOW_CTX_TRY_NUMBER='2' AIRFLOW_CTX_DAG_RUN_ID='scheduled__2025-12-17T02:00:00+00:00'
[2025-12-18T11:51:16.039+0000] {logging_mixin.py:151} INFO - Iniciando generación de Capa Oro (Modelos Analíticos)...
[2025-12-18T11:51:16.605+0000] {logging_mixin.py:151} INFO - Error al generar la Capa Oro: (psycopg2.errors.UndefinedColumn) column "capacidad_sobrepasada" does not exist
LINE 7:                     COUNT(*) FILTER (WHERE capacidad_sobrepa...
                                                   ^

[SQL: 
                CREATE TABLE IF NOT EXISTS oro.oro_ocupacion_diaria AS
                SELECT 
                    fecha,
                    tipo_vehiculo,
                    COUNT(*) as total_accesos,
                    COUNT(*) FILTER (WHERE capacidad_sobrepasada = TRUE) as eventos_sobrecupo,
                    EXTRACT(DOW FROM fecha) as dia_semana
                FROM plata.plata_parking
                WHERE is_valid = TRUE
                GROUP BY fecha, tipo_vehiculo;
            ]
(Background on this error at: https://sqlalche.me/e/14/f405)
[2025-12-18T11:51:16.606+0000] {taskinstance.py:1935} ERROR - Task failed with exception
Traceback (most recent call last):
  File "/home/airflow/.local/lib/python3.11/site-packages/sqlalchemy/engine/base.py", line 1910, in _execute_context
    self.dialect.do_execute(
  File "/home/airflow/.local/lib/python3.11/site-packages/sqlalchemy/engine/default.py", line 736, in do_execute
    cursor.execute(statement, parameters)
psycopg2.errors.UndefinedColumn: column "capacidad_sobrepasada" does not exist
LINE 7:                     COUNT(*) FILTER (WHERE capacidad_sobrepa...
                                                   ^


The above exception was the direct cause of the following exception:

Traceback (most recent call last):
  File "/home/airflow/.local/lib/python3.11/site-packages/airflow/operators/python.py", line 192, in execute
    return_value = self.execute_callable()
                   ^^^^^^^^^^^^^^^^^^^^^^^
  File "/home/airflow/.local/lib/python3.11/site-packages/airflow/operators/python.py", line 209, in execute_callable
    return self.python_callable(*self.op_args, **self.op_kwargs)
           ^^^^^^^^^^^^^^^^^^^^^^^^^^^^^^^^^^^^^^^^^^^^^^^^^^^^^
  File "/opt/airflow/scripts/load_gold.py", line 32, in load_to_gold
    conn.execute(text("""
  File "/home/airflow/.local/lib/python3.11/site-packages/sqlalchemy/engine/base.py", line 1385, in execute
    return meth(self, multiparams, params, _EMPTY_EXECUTION_OPTS)
           ^^^^^^^^^^^^^^^^^^^^^^^^^^^^^^^^^^^^^^^^^^^^^^^^^^^^^^
  File "/home/airflow/.local/lib/python3.11/site-packages/sqlalchemy/sql/elements.py", line 334, in _execute_on_connection
    return connection._execute_clauseelement(
           ^^^^^^^^^^^^^^^^^^^^^^^^^^^^^^^^^^
  File "/home/airflow/.local/lib/python3.11/site-packages/sqlalchemy/engine/base.py", line 1577, in _execute_clauseelement
    ret = self._execute_context(
          ^^^^^^^^^^^^^^^^^^^^^^
  File "/home/airflow/.local/lib/python3.11/site-packages/sqlalchemy/engine/base.py", line 1953, in _execute_context
    self._handle_dbapi_exception(
  File "/home/airflow/.local/lib/python3.11/site-packages/sqlalchemy/engine/base.py", line 2134, in _handle_dbapi_exception
    util.raise_(
  File "/home/airflow/.local/lib/python3.11/site-packages/sqlalchemy/util/compat.py", line 211, in raise_
    raise exception
  File "/home/airflow/.local/lib/python3.11/site-packages/sqlalchemy/engine/base.py", line 1910, in _execute_context
    self.dialect.do_execute(
  File "/home/airflow/.local/lib/python3.11/site-packages/sqlalchemy/engine/default.py", line 736, in do_execute
    cursor.execute(statement, parameters)
sqlalchemy.exc.ProgrammingError: (psycopg2.errors.UndefinedColumn) column "capacidad_sobrepasada" does not exist
LINE 7:                     COUNT(*) FILTER (WHERE capacidad_sobrepa...
                                                   ^

[SQL: 
                CREATE TABLE IF NOT EXISTS oro.oro_ocupacion_diaria AS
                SELECT 
                    fecha,
                    tipo_vehiculo,
                    COUNT(*) as total_accesos,
                    COUNT(*) FILTER (WHERE capacidad_sobrepasada = TRUE) as eventos_sobrecupo,
                    EXTRACT(DOW FROM fecha) as dia_semana
                FROM plata.plata_parking
                WHERE is_valid = TRUE
                GROUP BY fecha, tipo_vehiculo;
            ]
(Background on this error at: https://sqlalche.me/e/14/f405)
[2025-12-18T11:51:16.641+0000] {taskinstance.py:1398} INFO - Marking task as UP_FOR_RETRY. dag_id=parking_etl_bronce_plata_oro, task_id=load_to_gold, execution_date=20251217T020000, start_date=20251218T115115, end_date=20251218T115116
[2025-12-18T11:51:16.663+0000] {standard_task_runner.py:104} ERROR - Failed to execute job 11 for task load_to_gold ((psycopg2.errors.UndefinedColumn) column "capacidad_sobrepasada" does not exist
LINE 7:                     COUNT(*) FILTER (WHERE capacidad_sobrepa...
                                                   ^

[SQL: 
                CREATE TABLE IF NOT EXISTS oro.oro_ocupacion_diaria AS
                SELECT 
                    fecha,
                    tipo_vehiculo,
                    COUNT(*) as total_accesos,
                    COUNT(*) FILTER (WHERE capacidad_sobrepasada = TRUE) as eventos_sobrecupo,
                    EXTRACT(DOW FROM fecha) as dia_semana
                FROM plata.plata_parking
                WHERE is_valid = TRUE
                GROUP BY fecha, tipo_vehiculo;
            ]
(Background on this error at: https://sqlalche.me/e/14/f405); 516)
[2025-12-18T11:51:16.673+0000] {local_task_job_runner.py:228} INFO - Task exited with return code 1
[2025-12-18T11:51:16.715+0000] {taskinstance.py:2776} INFO - 0 downstream tasks scheduled from follow-on schedule check
