[2025-12-18T11:51:47.801+0000] {taskinstance.py:1157} INFO - Dependencies all met for dep_context=non-requeueable deps ti=<TaskInstance: parking_etl_bronce_plata_oro.load_to_gold scheduled__2025-12-17T02:00:00+00:00 [queued]>
[2025-12-18T11:51:47.814+0000] {taskinstance.py:1157} INFO - Dependencies all met for dep_context=requeueable deps ti=<TaskInstance: parking_etl_bronce_plata_oro.load_to_gold scheduled__2025-12-17T02:00:00+00:00 [queued]>
[2025-12-18T11:51:47.815+0000] {taskinstance.py:1359} INFO - Starting attempt 3 of 5
[2025-12-18T11:51:47.833+0000] {taskinstance.py:1380} INFO - Executing <Task(PythonOperator): load_to_gold> on 2025-12-17 02:00:00+00:00
[2025-12-18T11:51:47.841+0000] {standard_task_runner.py:57} INFO - Started process 525 to run task
[2025-12-18T11:51:47.844+0000] {standard_task_runner.py:84} INFO - Running: ['airflow', 'tasks', 'run', 'parking_etl_bronce_plata_oro', 'load_to_gold', 'scheduled__2025-12-17T02:00:00+00:00', '--job-id', '12', '--raw', '--subdir', 'DAGS_FOLDER/parking_etl_dag.py', '--cfg-path', '/tmp/tmp_x0a7j0q']
[2025-12-18T11:51:47.848+0000] {standard_task_runner.py:85} INFO - Job 12: Subtask load_to_gold
[2025-12-18T11:51:47.941+0000] {task_command.py:415} INFO - Running <TaskInstance: parking_etl_bronce_plata_oro.load_to_gold scheduled__2025-12-17T02:00:00+00:00 [running]> on host e193503772aa
[2025-12-18T11:51:48.073+0000] {taskinstance.py:1660} INFO - Exporting env vars: AIRFLOW_CTX_DAG_OWNER='estudiante_maestria' AIRFLOW_CTX_DAG_ID='parking_etl_bronce_plata_oro' AIRFLOW_CTX_TASK_ID='load_to_gold' AIRFLOW_CTX_EXECUTION_DATE='2025-12-17T02:00:00+00:00' AIRFLOW_CTX_TRY_NUMBER='3' AIRFLOW_CTX_DAG_RUN_ID='scheduled__2025-12-17T02:00:00+00:00'
[2025-12-18T11:51:48.075+0000] {logging_mixin.py:151} INFO - Iniciando generación de Capa Oro (Modelos Analíticos)...
[2025-12-18T11:51:48.331+0000] {taskinstance.py:1935} ERROR - Task failed with exception
Traceback (most recent call last):
  File "/home/airflow/.local/lib/python3.11/site-packages/sqlalchemy/engine/base.py", line 1910, in _execute_context
    self.dialect.do_execute(
  File "/home/airflow/.local/lib/python3.11/site-packages/sqlalchemy/engine/default.py", line 736, in do_execute
    cursor.execute(statement, parameters)
psycopg2.errors.UndefinedFunction: function pg_catalog.extract(unknown, text) does not exist
LINE 5:                     WHEN EXTRACT(DOW FROM fecha) IN (0, 6) T...
                                 ^
HINT:  No function matches the given name and argument types. You might need to add explicit type casts.


The above exception was the direct cause of the following exception:

Traceback (most recent call last):
  File "/home/airflow/.local/lib/python3.11/site-packages/airflow/operators/python.py", line 192, in execute
    return_value = self.execute_callable()
                   ^^^^^^^^^^^^^^^^^^^^^^^
  File "/home/airflow/.local/lib/python3.11/site-packages/airflow/operators/python.py", line 209, in execute_callable
    return self.python_callable(*self.op_args, **self.op_kwargs)
           ^^^^^^^^^^^^^^^^^^^^^^^^^^^^^^^^^^^^^^^^^^^^^^^^^^^^^
  File "/opt/airflow/scripts/load_gold.py", line 50, in load_to_gold
    conn.execute(text("""
  File "/home/airflow/.local/lib/python3.11/site-packages/sqlalchemy/engine/base.py", line 1385, in execute
    return meth(self, multiparams, params, _EMPTY_EXECUTION_OPTS)
           ^^^^^^^^^^^^^^^^^^^^^^^^^^^^^^^^^^^^^^^^^^^^^^^^^^^^^^
  File "/home/airflow/.local/lib/python3.11/site-packages/sqlalchemy/sql/elements.py", line 334, in _execute_on_connection
    return connection._execute_clauseelement(
           ^^^^^^^^^^^^^^^^^^^^^^^^^^^^^^^^^^
  File "/home/airflow/.local/lib/python3.11/site-packages/sqlalchemy/engine/base.py", line 1577, in _execute_clauseelement
    ret = self._execute_context(
          ^^^^^^^^^^^^^^^^^^^^^^
  File "/home/airflow/.local/lib/python3.11/site-packages/sqlalchemy/engine/base.py", line 1953, in _execute_context
    self._handle_dbapi_exception(
  File "/home/airflow/.local/lib/python3.11/site-packages/sqlalchemy/engine/base.py", line 2134, in _handle_dbapi_exception
    util.raise_(
  File "/home/airflow/.local/lib/python3.11/site-packages/sqlalchemy/util/compat.py", line 211, in raise_
    raise exception
  File "/home/airflow/.local/lib/python3.11/site-packages/sqlalchemy/engine/base.py", line 1910, in _execute_context
    self.dialect.do_execute(
  File "/home/airflow/.local/lib/python3.11/site-packages/sqlalchemy/engine/default.py", line 736, in do_execute
    cursor.execute(statement, parameters)
sqlalchemy.exc.ProgrammingError: (psycopg2.errors.UndefinedFunction) function pg_catalog.extract(unknown, text) does not exist
LINE 5:                     WHEN EXTRACT(DOW FROM fecha) IN (0, 6) T...
                                 ^
HINT:  No function matches the given name and argument types. You might need to add explicit type casts.

[SQL: 
            CREATE TABLE IF NOT EXISTS oro.oro_patrones_horarios AS
            SELECT 
                CASE 
                    WHEN EXTRACT(DOW FROM fecha) IN (0, 6) THEN 'Fin de Semana'
                    ELSE 'Día Laboral'
                END as tipo_dia,
                EXTRACT(HOUR FROM timestamp) as hora,
                COUNT(*) as flujo_vehicular
            FROM plata.plata_parking
            GROUP BY tipo_dia, hora
            ORDER BY tipo_dia, flujo_vehicular DESC;
        ]
(Background on this error at: https://sqlalche.me/e/14/f405)
[2025-12-18T11:51:48.361+0000] {taskinstance.py:1398} INFO - Marking task as UP_FOR_RETRY. dag_id=parking_etl_bronce_plata_oro, task_id=load_to_gold, execution_date=20251217T020000, start_date=20251218T115147, end_date=20251218T115148
[2025-12-18T11:51:48.376+0000] {standard_task_runner.py:104} ERROR - Failed to execute job 12 for task load_to_gold ((psycopg2.errors.UndefinedFunction) function pg_catalog.extract(unknown, text) does not exist
LINE 5:                     WHEN EXTRACT(DOW FROM fecha) IN (0, 6) T...
                                 ^
HINT:  No function matches the given name and argument types. You might need to add explicit type casts.

[SQL: 
            CREATE TABLE IF NOT EXISTS oro.oro_patrones_horarios AS
            SELECT 
                CASE 
                    WHEN EXTRACT(DOW FROM fecha) IN (0, 6) THEN 'Fin de Semana'
                    ELSE 'Día Laboral'
                END as tipo_dia,
                EXTRACT(HOUR FROM timestamp) as hora,
                COUNT(*) as flujo_vehicular
            FROM plata.plata_parking
            GROUP BY tipo_dia, hora
            ORDER BY tipo_dia, flujo_vehicular DESC;
        ]
(Background on this error at: https://sqlalche.me/e/14/f405); 525)
[2025-12-18T11:51:48.392+0000] {local_task_job_runner.py:228} INFO - Task exited with return code 1
[2025-12-18T11:51:48.423+0000] {taskinstance.py:2776} INFO - 0 downstream tasks scheduled from follow-on schedule check
